[debug] [2024-06-03T13:53:22.341Z] ----------------------------------------------------------------------
[debug] [2024-06-03T13:53:22.346Z] Command:       /nix/store/qfm6zpnicb4q5x6w6y4cpj5z8ap68j3h-nodejs-18.19.1/bin/node /nix/store/cgci1g1m5rzdxbwnl9lgzfyfc2lkynd4-firebase-tools-13.9.0/lib/node_modules/firebase-tools/lib/bin/firebase.js login --no-localhost
[debug] [2024-06-03T13:53:22.347Z] CLI Version:   13.9.0
[debug] [2024-06-03T13:53:22.348Z] Platform:      linux
[debug] [2024-06-03T13:53:22.348Z] Node Version:  v18.19.1
[debug] [2024-06-03T13:53:22.374Z] Time:          Mon Jun 03 2024 13:53:22 GMT+0000 (Coordinated Universal Time)
[debug] [2024-06-03T13:53:22.375Z] ----------------------------------------------------------------------
[debug] 
[debug] [2024-06-03T13:53:22.381Z] >>> [apiv2][query] GET https://firebase-public.firebaseio.com/cli.json [none]
[info] i  Firebase optionally collects CLI and Emulator Suite usage and error reporting information to help improve our products. Data is collected in accordance with Google's privacy policy (https://policies.google.com/privacy) and is not used to identify you.
 
[debug] [2024-06-03T13:53:23.731Z] <<< [apiv2][status] GET https://firebase-public.firebaseio.com/cli.json 200
[debug] [2024-06-03T13:53:23.731Z] <<< [apiv2][body] GET https://firebase-public.firebaseio.com/cli.json {"cloudBuildErrorAfter":1594252800000,"cloudBuildWarnAfter":1590019200000,"defaultNode10After":1594252800000,"minVersion":"3.0.5","node8DeploysDisabledAfter":1613390400000,"node8RuntimeDisabledAfter":1615809600000,"node8WarnAfter":1600128000000}
[info] i  To change your data collection preference at any time, run `firebase logout` and log in again. 
[debug] [2024-06-03T13:53:29.768Z] >>> [apiv2][query] POST https://auth.firebase.tools/attest [none]
[debug] [2024-06-03T13:53:29.768Z] >>> [apiv2][body] POST https://auth.firebase.tools/attest {"session_id":"4220dd52-75d1-4f84-863b-bfad193eea68"}
[debug] [2024-06-03T13:53:30.188Z] <<< [apiv2][status] POST https://auth.firebase.tools/attest 200
[debug] [2024-06-03T13:53:30.193Z] <<< [apiv2][body] POST https://auth.firebase.tools/attest {"token":"6taFSBGEB5EkrPbviPAIEOdasgTgM2Lavntj68Y1yIs"}
[info] 
[info] To sign in to the Firebase CLI:
[info] 
[info] 1. Take note of your session ID:
[info] 
[info]    4220D
[info] 
[info] 2. Visit the URL below on any device and follow the instructions to get your code:
[info] 
[info]    https://auth.firebase.tools/login?code_challenge=PN6-Wk_GmBssvPXUsxBMuZ0wUHnjIZ2YJ8Mmwcb2pjE&session=4220dd52-75d1-4f84-863b-bfad193eea68&attest=6taFSBGEB5EkrPbviPAIEOdasgTgM2Lavntj68Y1yIs
[info] 
[info] 3. Paste or enter the authorization code below once you have it:
[info] 
